                                      1 ;--------------------------------------------------------
                                      2 ; File Created by SDCC : free open source ANSI-C Compiler
                                      3 ; Version 4.0.0 #11528 (Linux)
                                      4 ;--------------------------------------------------------
                                      5 	.module serial_console
                                      6 	.optsdcc -mmcs51 --model-large
                                      7 	
                                      8 ;--------------------------------------------------------
                                      9 ; Public variables in this module
                                     10 ;--------------------------------------------------------
                                     11 	.globl _uartSendBlock
                                     12 	.globl _uartGetBlock
                                     13 	.globl _uartInitialise
                                     14 	.globl _S1SM0_FE
                                     15 	.globl _T1IE
                                     16 	.globl _T0IE
                                     17 	.globl _T1RUN
                                     18 	.globl _T0RUN
                                     19 	.globl _CY
                                     20 	.globl _AC
                                     21 	.globl _F0
                                     22 	.globl _RS1
                                     23 	.globl _RS0
                                     24 	.globl _OV
                                     25 	.globl _F1
                                     26 	.globl _P
                                     27 	.globl _EA
                                     28 	.globl _INT1IE
                                     29 	.globl _INT0IE
                                     30 	.globl _INT1TR
                                     31 	.globl _INT0TR
                                     32 	.globl _P5_5
                                     33 	.globl _P5_4
                                     34 	.globl _P5_3
                                     35 	.globl _P5_2
                                     36 	.globl _P5_1
                                     37 	.globl _P5_0
                                     38 	.globl _P3_7
                                     39 	.globl _P3_6
                                     40 	.globl _P3_5
                                     41 	.globl _P3_4
                                     42 	.globl _P3_3
                                     43 	.globl _P3_2
                                     44 	.globl _P3_1
                                     45 	.globl _P3_0
                                     46 	.globl _P2_7
                                     47 	.globl _P2_6
                                     48 	.globl _P2_5
                                     49 	.globl _P2_4
                                     50 	.globl _P2_3
                                     51 	.globl _P2_2
                                     52 	.globl _P2_1
                                     53 	.globl _P2_0
                                     54 	.globl _P1_7
                                     55 	.globl _P1_6
                                     56 	.globl _P1_5
                                     57 	.globl _P1_4
                                     58 	.globl _P1_3
                                     59 	.globl _P1_2
                                     60 	.globl _P1_1
                                     61 	.globl _P1_0
                                     62 	.globl _USBADR
                                     63 	.globl _USBCON
                                     64 	.globl _USBDAT
                                     65 	.globl _USBCLK
                                     66 	.globl _S4BUF
                                     67 	.globl _S4CON
                                     68 	.globl _S3BUF
                                     69 	.globl _S3CON
                                     70 	.globl _S2BUF
                                     71 	.globl _S2CON
                                     72 	.globl _S1BUF
                                     73 	.globl _S1CON
                                     74 	.globl _SADEN
                                     75 	.globl _SADDR
                                     76 	.globl _AUXINTIF
                                     77 	.globl _T3
                                     78 	.globl _T3L
                                     79 	.globl _T3H
                                     80 	.globl _T4
                                     81 	.globl _T4L
                                     82 	.globl _T4H
                                     83 	.globl _T4T3M
                                     84 	.globl _WDT_CONTR
                                     85 	.globl _AUXR
                                     86 	.globl _T2
                                     87 	.globl _T2H
                                     88 	.globl _T2L
                                     89 	.globl _T1
                                     90 	.globl _T1H
                                     91 	.globl _T1L
                                     92 	.globl _T0
                                     93 	.globl _T0H
                                     94 	.globl _T0L
                                     95 	.globl _TMOD
                                     96 	.globl _TCON
                                     97 	.globl _IRTRIM
                                     98 	.globl _LIRTRIM
                                     99 	.globl _IRCBAND
                                    100 	.globl _SPDAT
                                    101 	.globl _SPCTL
                                    102 	.globl _SPSTAT
                                    103 	.globl _WKTC
                                    104 	.globl _WKTCH
                                    105 	.globl _WKTCL
                                    106 	.globl _BUS_SPEED
                                    107 	.globl _P_SW2
                                    108 	.globl _P_SW1
                                    109 	.globl _RSTCFG
                                    110 	.globl _PCON
                                    111 	.globl _B
                                    112 	.globl _ACC
                                    113 	.globl _PSW
                                    114 	.globl _SP
                                    115 	.globl _IP3H
                                    116 	.globl _IP3L
                                    117 	.globl _IP2H
                                    118 	.globl _IP2L
                                    119 	.globl _IE2
                                    120 	.globl _IP1H
                                    121 	.globl _IP1L
                                    122 	.globl _IE1
                                    123 	.globl _INT_CLKO
                                    124 	.globl _IAP_TPS
                                    125 	.globl _IAP_CONTR
                                    126 	.globl _IAP_TRIG
                                    127 	.globl _IAP_CMD
                                    128 	.globl _IAP_ADDR
                                    129 	.globl _IAP_ADDRL
                                    130 	.globl _IAP_ADDRH
                                    131 	.globl _IAP_DATA
                                    132 	.globl _P5M0
                                    133 	.globl _P5M1
                                    134 	.globl _P5
                                    135 	.globl _P3M0
                                    136 	.globl _P3M1
                                    137 	.globl _P3
                                    138 	.globl _P2M0
                                    139 	.globl _P2M1
                                    140 	.globl _P2
                                    141 	.globl _P1M0
                                    142 	.globl _P1M1
                                    143 	.globl _P1
                                    144 	.globl _TA
                                    145 	.globl _DPH1
                                    146 	.globl _DPL1
                                    147 	.globl _DPS
                                    148 	.globl _DP
                                    149 	.globl _DPH
                                    150 	.globl _DPL
                                    151 	.globl _CMPCR2
                                    152 	.globl _CMPCR1
                                    153 	.globl _DMA_ADC_AMT
                                    154 	.globl _ADCCFG
                                    155 	.globl _ADC_RES
                                    156 	.globl _ADC_RESL
                                    157 	.globl _ADC_RESH
                                    158 	.globl _ADC_CONTR
                                    159 	.globl _serialConsoleInitialise_PARM_3
                                    160 	.globl _serialConsoleInitialise_PARM_2
                                    161 	.globl _DMA_UR4R_TXAL
                                    162 	.globl _DMA_UR4R_TXAH
                                    163 	.globl _DMA_UR4R_DONE
                                    164 	.globl _DMA_UR4R_AMT
                                    165 	.globl _DMA_UR4R_STA
                                    166 	.globl _DMA_UR4R_CR
                                    167 	.globl _DMA_UR4R_CFG
                                    168 	.globl _DMA_UR4T_TXAL
                                    169 	.globl _DMA_UR4T_TXAH
                                    170 	.globl _DMA_UR4T_DONE
                                    171 	.globl _DMA_UR4T_AMT
                                    172 	.globl _DMA_UR4T_STA
                                    173 	.globl _DMA_UR4T_CR
                                    174 	.globl _DMA_UR4T_CFG
                                    175 	.globl _DMA_UR3R_TXAL
                                    176 	.globl _DMA_UR3R_TXAH
                                    177 	.globl _DMA_UR3R_DONE
                                    178 	.globl _DMA_UR3R_AMT
                                    179 	.globl _DMA_UR3R_STA
                                    180 	.globl _DMA_UR3R_CR
                                    181 	.globl _DMA_UR3R_CFG
                                    182 	.globl _DMA_UR3T_TXAL
                                    183 	.globl _DMA_UR3T_TXAH
                                    184 	.globl _DMA_UR3T_DONE
                                    185 	.globl _DMA_UR3T_AMT
                                    186 	.globl _DMA_UR3T_STA
                                    187 	.globl _DMA_UR3T_CR
                                    188 	.globl _DMA_UR3T_CFG
                                    189 	.globl _DMA_UR2R_TXAL
                                    190 	.globl _DMA_UR2R_TXAH
                                    191 	.globl _DMA_UR2R_DONE
                                    192 	.globl _DMA_UR2R_AMT
                                    193 	.globl _DMA_UR2R_STA
                                    194 	.globl _DMA_UR2R_CR
                                    195 	.globl _DMA_UR2R_CFG
                                    196 	.globl _DMA_UR2T_TXAL
                                    197 	.globl _DMA_UR2T_TXAH
                                    198 	.globl _DMA_UR2T_DONE
                                    199 	.globl _DMA_UR2T_AMT
                                    200 	.globl _DMA_UR2T_STA
                                    201 	.globl _DMA_UR2T_CR
                                    202 	.globl _DMA_UR2T_CFG
                                    203 	.globl _DMA_UR1R_TXAL
                                    204 	.globl _DMA_UR1R_TXAH
                                    205 	.globl _DMA_UR1R_DONE
                                    206 	.globl _DMA_UR1R_AMT
                                    207 	.globl _DMA_UR1R_STA
                                    208 	.globl _DMA_UR1R_CR
                                    209 	.globl _DMA_UR1R_CFG
                                    210 	.globl _DMA_UR1T_TXAL
                                    211 	.globl _DMA_UR1T_TXAH
                                    212 	.globl _DMA_UR1T_DONE
                                    213 	.globl _DMA_URTX_AMT
                                    214 	.globl _DMA_UR1T_STA
                                    215 	.globl _DMA_UR1T_CR
                                    216 	.globl _DMA_UR1T_CFG
                                    217 	.globl _TM4PS
                                    218 	.globl _TM3PS
                                    219 	.globl _TM2PS
                                    220 	.globl _IRC48MCR
                                    221 	.globl _IRCDB
                                    222 	.globl _MCLKOCR
                                    223 	.globl _CKSEL
                                    224 	.globl _IRC32KCR
                                    225 	.globl _XOSCCR
                                    226 	.globl _HIRCCR
                                    227 	.globl _CLKDIV
                                    228 	.globl _DMA_SPI_CFG2
                                    229 	.globl _DMA_SPI_RXAL
                                    230 	.globl _DMA_SPI_RXAH
                                    231 	.globl _DMA_SPI_TXAL
                                    232 	.globl _DMA_SPI_TXAH
                                    233 	.globl _DMA_SPI_DONE
                                    234 	.globl _DMA_SPI_AMT
                                    235 	.globl _DMA_SPI_STA
                                    236 	.globl _DMA_SPI_CR
                                    237 	.globl _DMA_SPI_CFG
                                    238 	.globl _SSEC
                                    239 	.globl _SEC
                                    240 	.globl _MIN
                                    241 	.globl _HOUR
                                    242 	.globl _DAY
                                    243 	.globl _MONTH
                                    244 	.globl _YEAR
                                    245 	.globl _INISSEC
                                    246 	.globl _INISEC
                                    247 	.globl _INIMIN
                                    248 	.globl _INIHOUR
                                    249 	.globl _INIDAY
                                    250 	.globl _INIMONTH
                                    251 	.globl _INIYEAR
                                    252 	.globl _ALASSEC
                                    253 	.globl _ALASEC
                                    254 	.globl _ALAMIN
                                    255 	.globl _ALAHOUR
                                    256 	.globl _RTCIF
                                    257 	.globl _RTCIEN
                                    258 	.globl _RTCCFG
                                    259 	.globl _RTCCR
                                    260 	.globl _PWMB_OISR
                                    261 	.globl _PWMB_DTR
                                    262 	.globl _PWMB_BKR
                                    263 	.globl _PWMB_CCR4L
                                    264 	.globl _PWMB_CCR4H
                                    265 	.globl _PWMB_CCR3L
                                    266 	.globl _PWMB_CCR3H
                                    267 	.globl _PWMB_CCR2L
                                    268 	.globl _PWMB_CCR2H
                                    269 	.globl _PWMB_CCR1L
                                    270 	.globl _PWMB_CCR1H
                                    271 	.globl _PWMB_RCR
                                    272 	.globl _PWMB_ARRL
                                    273 	.globl _PWMB_ARRH
                                    274 	.globl _PWMB_PSCRL
                                    275 	.globl _PWMB_PSCRH
                                    276 	.globl _PWMB_CNTRL
                                    277 	.globl _PWMB_CNTRH
                                    278 	.globl _PWMB_CCER2
                                    279 	.globl _PWMB_CCER1
                                    280 	.globl _PWMB_CCMR4
                                    281 	.globl _PWMB_CCMR3
                                    282 	.globl _PWMB_CCMR2
                                    283 	.globl _PWMB_CCMR1
                                    284 	.globl _PWMB_EGR
                                    285 	.globl _PWMB_SR2
                                    286 	.globl _PWMB_SR1
                                    287 	.globl _PWMB_IER
                                    288 	.globl _PWMB_ETR
                                    289 	.globl _PWMB_SMCR
                                    290 	.globl _PWMB_CR2
                                    291 	.globl _PWMB_CR1
                                    292 	.globl _PWMA_OISR
                                    293 	.globl _PWMA_DTR
                                    294 	.globl _PWMA_BKR
                                    295 	.globl _PWMA_CCR4L
                                    296 	.globl _PWMA_CCR4H
                                    297 	.globl _PWMA_CCR3L
                                    298 	.globl _PWMA_CCR3H
                                    299 	.globl _PWMA_CCR2L
                                    300 	.globl _PWMA_CCR2H
                                    301 	.globl _PWMA_CCR1L
                                    302 	.globl _PWMA_CCR1H
                                    303 	.globl _PWMA_RCR
                                    304 	.globl _PWMA_ARRL
                                    305 	.globl _PWMA_ARRH
                                    306 	.globl _PWMA_PSCRL
                                    307 	.globl _PWMA_PSCRH
                                    308 	.globl _PWMA_CNTRL
                                    309 	.globl _PWMA_CNTRH
                                    310 	.globl _PWMA_CCER2
                                    311 	.globl _PWMA_CCER1
                                    312 	.globl _PWMA_CCMR4
                                    313 	.globl _PWMA_CCMR3
                                    314 	.globl _PWMA_CCMR2
                                    315 	.globl _PWMA_CCMR1
                                    316 	.globl _PWMA_EGR
                                    317 	.globl _PWMA_SR2
                                    318 	.globl _PWMA_SR1
                                    319 	.globl _PWMA_IER
                                    320 	.globl _PWMA_ETR
                                    321 	.globl _PWMA_SMCR
                                    322 	.globl _PWMA_CR2
                                    323 	.globl _PWMA_CR1
                                    324 	.globl _PWMB_IOAUX
                                    325 	.globl _PWMB_PS
                                    326 	.globl _PWMB_ENO
                                    327 	.globl _PWMB_ETRPS
                                    328 	.globl _PWMA_IOAUX
                                    329 	.globl _PWMA_PS
                                    330 	.globl _PWMA_ENO
                                    331 	.globl _PWMA_ETRPS
                                    332 	.globl _RSTFLAG
                                    333 	.globl _SPFUNC
                                    334 	.globl _OPCON
                                    335 	.globl _ARCON
                                    336 	.globl _MD4
                                    337 	.globl _MD5
                                    338 	.globl _MD0
                                    339 	.globl _MD1
                                    340 	.globl _MD2
                                    341 	.globl _MD3
                                    342 	.globl _DMA_LCM_RXAL
                                    343 	.globl _DMA_LCM_RXAH
                                    344 	.globl _DMA_LCM_TXAL
                                    345 	.globl _DMA_LCM_TXAH
                                    346 	.globl _DMA_LCM_DONE
                                    347 	.globl _DMA_LCM_AMT
                                    348 	.globl _DMA_LCM_STA
                                    349 	.globl _DMA_LCM_CR
                                    350 	.globl _DMA_LCM_CFG
                                    351 	.globl _LCMIDDAT
                                    352 	.globl _LCMIDDATH
                                    353 	.globl _LCMIDDATL
                                    354 	.globl _LCMSTA
                                    355 	.globl _LCMCR
                                    356 	.globl _LCMCFG2
                                    357 	.globl _LCMCFG
                                    358 	.globl _I2CMSAUX
                                    359 	.globl _I2CRXD
                                    360 	.globl _I2CTXD
                                    361 	.globl _I2CSLADR
                                    362 	.globl _I2CSLST
                                    363 	.globl _I2CSLCR
                                    364 	.globl _I2CMSST
                                    365 	.globl _I2CMSCR
                                    366 	.globl _I2CCFG
                                    367 	.globl _PINIPH
                                    368 	.globl _PINIPL
                                    369 	.globl _P5IE
                                    370 	.globl _P5DR
                                    371 	.globl _P5SR
                                    372 	.globl _P5NCS
                                    373 	.globl _P5PU
                                    374 	.globl _P5WKUE
                                    375 	.globl _P5IM1
                                    376 	.globl _P5IM0
                                    377 	.globl _P5INTF
                                    378 	.globl _P5INTE
                                    379 	.globl _P3IE
                                    380 	.globl _P3DR
                                    381 	.globl _P3SR
                                    382 	.globl _P3NCS
                                    383 	.globl _P3PU
                                    384 	.globl _P3WKUE
                                    385 	.globl _P3IM1
                                    386 	.globl _P3IM0
                                    387 	.globl _P3INTF
                                    388 	.globl _P3INTE
                                    389 	.globl _P2IE
                                    390 	.globl _P2DR
                                    391 	.globl _P2SR
                                    392 	.globl _P2NCS
                                    393 	.globl _P2PU
                                    394 	.globl _P2WKUE
                                    395 	.globl _P2IM1
                                    396 	.globl _P2IM0
                                    397 	.globl _P2INTF
                                    398 	.globl _P2INTE
                                    399 	.globl _P1IE
                                    400 	.globl _P1DR
                                    401 	.globl _P1SR
                                    402 	.globl _P1NCS
                                    403 	.globl _P1PU
                                    404 	.globl _P1WKUE
                                    405 	.globl _P1IM1
                                    406 	.globl _P1IM0
                                    407 	.globl _P1INTF
                                    408 	.globl _P1INTE
                                    409 	.globl _DMA_M2M_RXAL
                                    410 	.globl _DMA_M2M_RXAH
                                    411 	.globl _DMA_M2M_TXAL
                                    412 	.globl _DMA_M2M_TXAH
                                    413 	.globl _DMA_M2M_DONE
                                    414 	.globl _DMA_M2M_AMT
                                    415 	.globl _DMA_M2M_STA
                                    416 	.globl _DMA_M2M_CR
                                    417 	.globl _DMA_M2M_CFG
                                    418 	.globl _CMPEXCFG
                                    419 	.globl _DMA_ADC_CHSW1
                                    420 	.globl _DMA_ADC_CHSW0
                                    421 	.globl _DMA_ADC_CFG2
                                    422 	.globl _DMA_ADC_RXAL
                                    423 	.globl _DMA_ADC_RXAH
                                    424 	.globl _DMA_ADC_STA
                                    425 	.globl _DMA_ADC_CR
                                    426 	.globl _DMA_ADC_CFG
                                    427 	.globl _ADCEXCFG
                                    428 	.globl _ADCTIM
                                    429 	.globl _serialConsoleInitialise
                                    430 	.globl _putchar
                                    431 	.globl _getchar
                                    432 ;--------------------------------------------------------
                                    433 ; special function registers
                                    434 ;--------------------------------------------------------
                                    435 	.area RSEG    (ABS,DATA)
      000000                        436 	.org 0x0000
                           0000BC   437 _ADC_CONTR	=	0x00bc
                           0000BD   438 _ADC_RESH	=	0x00bd
                           0000BE   439 _ADC_RESL	=	0x00be
                           00BDBE   440 _ADC_RES	=	0xbdbe
                           0000DE   441 _ADCCFG	=	0x00de
                           0000FA   442 _DMA_ADC_AMT	=	0x00fa
                           0000E6   443 _CMPCR1	=	0x00e6
                           0000E7   444 _CMPCR2	=	0x00e7
                           000082   445 _DPL	=	0x0082
                           000083   446 _DPH	=	0x0083
                           008382   447 _DP	=	0x8382
                           0000E3   448 _DPS	=	0x00e3
                           0000E4   449 _DPL1	=	0x00e4
                           0000E5   450 _DPH1	=	0x00e5
                           0000AE   451 _TA	=	0x00ae
                           000090   452 _P1	=	0x0090
                           000091   453 _P1M1	=	0x0091
                           000092   454 _P1M0	=	0x0092
                           0000A0   455 _P2	=	0x00a0
                           000095   456 _P2M1	=	0x0095
                           000096   457 _P2M0	=	0x0096
                           0000B0   458 _P3	=	0x00b0
                           0000B1   459 _P3M1	=	0x00b1
                           0000B2   460 _P3M0	=	0x00b2
                           0000C8   461 _P5	=	0x00c8
                           0000C9   462 _P5M1	=	0x00c9
                           0000CA   463 _P5M0	=	0x00ca
                           0000C2   464 _IAP_DATA	=	0x00c2
                           0000C3   465 _IAP_ADDRH	=	0x00c3
                           0000C4   466 _IAP_ADDRL	=	0x00c4
                           00C3C4   467 _IAP_ADDR	=	0xc3c4
                           0000C5   468 _IAP_CMD	=	0x00c5
                           0000C6   469 _IAP_TRIG	=	0x00c6
                           0000C7   470 _IAP_CONTR	=	0x00c7
                           0000F5   471 _IAP_TPS	=	0x00f5
                           00008F   472 _INT_CLKO	=	0x008f
                           0000A8   473 _IE1	=	0x00a8
                           0000B8   474 _IP1L	=	0x00b8
                           0000B7   475 _IP1H	=	0x00b7
                           0000AF   476 _IE2	=	0x00af
                           0000B5   477 _IP2L	=	0x00b5
                           0000B6   478 _IP2H	=	0x00b6
                           0000DF   479 _IP3L	=	0x00df
                           0000EE   480 _IP3H	=	0x00ee
                           000081   481 _SP	=	0x0081
                           0000D0   482 _PSW	=	0x00d0
                           0000E0   483 _ACC	=	0x00e0
                           0000F0   484 _B	=	0x00f0
                           000087   485 _PCON	=	0x0087
                           0000FF   486 _RSTCFG	=	0x00ff
                           0000A2   487 _P_SW1	=	0x00a2
                           0000BA   488 _P_SW2	=	0x00ba
                           0000A1   489 _BUS_SPEED	=	0x00a1
                           0000AA   490 _WKTCL	=	0x00aa
                           0000AB   491 _WKTCH	=	0x00ab
                           00ABAA   492 _WKTC	=	0xabaa
                           0000CD   493 _SPSTAT	=	0x00cd
                           0000CE   494 _SPCTL	=	0x00ce
                           0000CF   495 _SPDAT	=	0x00cf
                           00009D   496 _IRCBAND	=	0x009d
                           00009E   497 _LIRTRIM	=	0x009e
                           00009F   498 _IRTRIM	=	0x009f
                           000088   499 _TCON	=	0x0088
                           000089   500 _TMOD	=	0x0089
                           00008A   501 _T0L	=	0x008a
                           00008C   502 _T0H	=	0x008c
                           008C8A   503 _T0	=	0x8c8a
                           00008B   504 _T1L	=	0x008b
                           00008D   505 _T1H	=	0x008d
                           008D8B   506 _T1	=	0x8d8b
                           0000D7   507 _T2L	=	0x00d7
                           0000D6   508 _T2H	=	0x00d6
                           00D6D7   509 _T2	=	0xd6d7
                           00008E   510 _AUXR	=	0x008e
                           0000C1   511 _WDT_CONTR	=	0x00c1
                           0000D1   512 _T4T3M	=	0x00d1
                           0000D2   513 _T4H	=	0x00d2
                           0000D3   514 _T4L	=	0x00d3
                           00D2D3   515 _T4	=	0xd2d3
                           0000D4   516 _T3H	=	0x00d4
                           0000D5   517 _T3L	=	0x00d5
                           00D4D5   518 _T3	=	0xd4d5
                           0000EF   519 _AUXINTIF	=	0x00ef
                           0000A9   520 _SADDR	=	0x00a9
                           0000B9   521 _SADEN	=	0x00b9
                           000098   522 _S1CON	=	0x0098
                           000099   523 _S1BUF	=	0x0099
                           00009A   524 _S2CON	=	0x009a
                           00009B   525 _S2BUF	=	0x009b
                           0000AC   526 _S3CON	=	0x00ac
                           0000AD   527 _S3BUF	=	0x00ad
                           000084   528 _S4CON	=	0x0084
                           000085   529 _S4BUF	=	0x0085
                           0000DC   530 _USBCLK	=	0x00dc
                           0000EC   531 _USBDAT	=	0x00ec
                           0000F4   532 _USBCON	=	0x00f4
                           0000FC   533 _USBADR	=	0x00fc
                                    534 ;--------------------------------------------------------
                                    535 ; special function bits
                                    536 ;--------------------------------------------------------
                                    537 	.area RSEG    (ABS,DATA)
      000000                        538 	.org 0x0000
                           000090   539 _P1_0	=	0x0090
                           000091   540 _P1_1	=	0x0091
                           000092   541 _P1_2	=	0x0092
                           000093   542 _P1_3	=	0x0093
                           000094   543 _P1_4	=	0x0094
                           000095   544 _P1_5	=	0x0095
                           000096   545 _P1_6	=	0x0096
                           000097   546 _P1_7	=	0x0097
                           0000A0   547 _P2_0	=	0x00a0
                           0000A1   548 _P2_1	=	0x00a1
                           0000A2   549 _P2_2	=	0x00a2
                           0000A3   550 _P2_3	=	0x00a3
                           0000A4   551 _P2_4	=	0x00a4
                           0000A5   552 _P2_5	=	0x00a5
                           0000A6   553 _P2_6	=	0x00a6
                           0000A7   554 _P2_7	=	0x00a7
                           0000B0   555 _P3_0	=	0x00b0
                           0000B1   556 _P3_1	=	0x00b1
                           0000B2   557 _P3_2	=	0x00b2
                           0000B3   558 _P3_3	=	0x00b3
                           0000B4   559 _P3_4	=	0x00b4
                           0000B5   560 _P3_5	=	0x00b5
                           0000B6   561 _P3_6	=	0x00b6
                           0000B7   562 _P3_7	=	0x00b7
                           0000C8   563 _P5_0	=	0x00c8
                           0000C9   564 _P5_1	=	0x00c9
                           0000CA   565 _P5_2	=	0x00ca
                           0000CB   566 _P5_3	=	0x00cb
                           0000CC   567 _P5_4	=	0x00cc
                           0000CD   568 _P5_5	=	0x00cd
                           000088   569 _INT0TR	=	0x0088
                           00008A   570 _INT1TR	=	0x008a
                           0000A8   571 _INT0IE	=	0x00a8
                           0000AA   572 _INT1IE	=	0x00aa
                           0000AF   573 _EA	=	0x00af
                           0000D0   574 _P	=	0x00d0
                           0000D1   575 _F1	=	0x00d1
                           0000D2   576 _OV	=	0x00d2
                           0000D3   577 _RS0	=	0x00d3
                           0000D4   578 _RS1	=	0x00d4
                           0000D5   579 _F0	=	0x00d5
                           0000D6   580 _AC	=	0x00d6
                           0000D7   581 _CY	=	0x00d7
                           00008C   582 _T0RUN	=	0x008c
                           00008E   583 _T1RUN	=	0x008e
                           0000A9   584 _T0IE	=	0x00a9
                           0000AB   585 _T1IE	=	0x00ab
                           00009F   586 _S1SM0_FE	=	0x009f
                                    587 ;--------------------------------------------------------
                                    588 ; overlayable register banks
                                    589 ;--------------------------------------------------------
                                    590 	.area REG_BANK_0	(REL,OVR,DATA)
      000000                        591 	.ds 8
                                    592 ;--------------------------------------------------------
                                    593 ; internal ram data
                                    594 ;--------------------------------------------------------
                                    595 	.area DSEG    (DATA)
                                    596 ;--------------------------------------------------------
                                    597 ; overlayable items in internal ram 
                                    598 ;--------------------------------------------------------
                                    599 ;--------------------------------------------------------
                                    600 ; indirectly addressable internal ram data
                                    601 ;--------------------------------------------------------
                                    602 	.area ISEG    (DATA)
                                    603 ;--------------------------------------------------------
                                    604 ; absolute internal ram data
                                    605 ;--------------------------------------------------------
                                    606 	.area IABS    (ABS,DATA)
                                    607 	.area IABS    (ABS,DATA)
                                    608 ;--------------------------------------------------------
                                    609 ; bit data
                                    610 ;--------------------------------------------------------
                                    611 	.area BSEG    (BIT)
                                    612 ;--------------------------------------------------------
                                    613 ; paged external ram data
                                    614 ;--------------------------------------------------------
                                    615 	.area PSEG    (PAG,XDATA)
                                    616 ;--------------------------------------------------------
                                    617 ; external ram data
                                    618 ;--------------------------------------------------------
                                    619 	.area XSEG    (XDATA)
                           00FEA8   620 _ADCTIM	=	0xfea8
                           00FEAD   621 _ADCEXCFG	=	0xfead
                           00FA10   622 _DMA_ADC_CFG	=	0xfa10
                           00FA11   623 _DMA_ADC_CR	=	0xfa11
                           00FA12   624 _DMA_ADC_STA	=	0xfa12
                           00FA17   625 _DMA_ADC_RXAH	=	0xfa17
                           00FA18   626 _DMA_ADC_RXAL	=	0xfa18
                           00FA19   627 _DMA_ADC_CFG2	=	0xfa19
                           00FA1A   628 _DMA_ADC_CHSW0	=	0xfa1a
                           00FA1B   629 _DMA_ADC_CHSW1	=	0xfa1b
                           00FEAE   630 _CMPEXCFG	=	0xfeae
                           00FA00   631 _DMA_M2M_CFG	=	0xfa00
                           00FA01   632 _DMA_M2M_CR	=	0xfa01
                           00FA02   633 _DMA_M2M_STA	=	0xfa02
                           00FA03   634 _DMA_M2M_AMT	=	0xfa03
                           00FA04   635 _DMA_M2M_DONE	=	0xfa04
                           00FA05   636 _DMA_M2M_TXAH	=	0xfa05
                           00FA06   637 _DMA_M2M_TXAL	=	0xfa06
                           00FA07   638 _DMA_M2M_RXAH	=	0xfa07
                           00FA08   639 _DMA_M2M_RXAL	=	0xfa08
                           00FD01   640 _P1INTE	=	0xfd01
                           00FD11   641 _P1INTF	=	0xfd11
                           00FD21   642 _P1IM0	=	0xfd21
                           00FD31   643 _P1IM1	=	0xfd31
                           00FD41   644 _P1WKUE	=	0xfd41
                           00FE11   645 _P1PU	=	0xfe11
                           00FE19   646 _P1NCS	=	0xfe19
                           00FE21   647 _P1SR	=	0xfe21
                           00FE29   648 _P1DR	=	0xfe29
                           00FE31   649 _P1IE	=	0xfe31
                           00FD02   650 _P2INTE	=	0xfd02
                           00FD12   651 _P2INTF	=	0xfd12
                           00FD22   652 _P2IM0	=	0xfd22
                           00FD32   653 _P2IM1	=	0xfd32
                           00FD42   654 _P2WKUE	=	0xfd42
                           00FE12   655 _P2PU	=	0xfe12
                           00FE1A   656 _P2NCS	=	0xfe1a
                           00FE22   657 _P2SR	=	0xfe22
                           00FE2A   658 _P2DR	=	0xfe2a
                           00FE32   659 _P2IE	=	0xfe32
                           00FD03   660 _P3INTE	=	0xfd03
                           00FD13   661 _P3INTF	=	0xfd13
                           00FD23   662 _P3IM0	=	0xfd23
                           00FD33   663 _P3IM1	=	0xfd33
                           00FD43   664 _P3WKUE	=	0xfd43
                           00FE13   665 _P3PU	=	0xfe13
                           00FE1B   666 _P3NCS	=	0xfe1b
                           00FE23   667 _P3SR	=	0xfe23
                           00FE2B   668 _P3DR	=	0xfe2b
                           00FE33   669 _P3IE	=	0xfe33
                           00FD05   670 _P5INTE	=	0xfd05
                           00FD15   671 _P5INTF	=	0xfd15
                           00FD25   672 _P5IM0	=	0xfd25
                           00FD35   673 _P5IM1	=	0xfd35
                           00FD45   674 _P5WKUE	=	0xfd45
                           00FE15   675 _P5PU	=	0xfe15
                           00FE1D   676 _P5NCS	=	0xfe1d
                           00FE25   677 _P5SR	=	0xfe25
                           00FE2D   678 _P5DR	=	0xfe2d
                           00FE35   679 _P5IE	=	0xfe35
                           00FD60   680 _PINIPL	=	0xfd60
                           00FD61   681 _PINIPH	=	0xfd61
                           00FE80   682 _I2CCFG	=	0xfe80
                           00FE81   683 _I2CMSCR	=	0xfe81
                           00FE82   684 _I2CMSST	=	0xfe82
                           00FE83   685 _I2CSLCR	=	0xfe83
                           00FE84   686 _I2CSLST	=	0xfe84
                           00FE85   687 _I2CSLADR	=	0xfe85
                           00FE86   688 _I2CTXD	=	0xfe86
                           00FE87   689 _I2CRXD	=	0xfe87
                           00FE88   690 _I2CMSAUX	=	0xfe88
                           00FE50   691 _LCMCFG	=	0xfe50
                           00FE51   692 _LCMCFG2	=	0xfe51
                           00FE52   693 _LCMCR	=	0xfe52
                           00FE53   694 _LCMSTA	=	0xfe53
                           00FE54   695 _LCMIDDATL	=	0xfe54
                           00FE55   696 _LCMIDDATH	=	0xfe55
                           00FE54   697 _LCMIDDAT	=	0xfe54
                           00FA70   698 _DMA_LCM_CFG	=	0xfa70
                           00FA71   699 _DMA_LCM_CR	=	0xfa71
                           00FA72   700 _DMA_LCM_STA	=	0xfa72
                           00FA73   701 _DMA_LCM_AMT	=	0xfa73
                           00FA74   702 _DMA_LCM_DONE	=	0xfa74
                           00FA75   703 _DMA_LCM_TXAH	=	0xfa75
                           00FA76   704 _DMA_LCM_TXAL	=	0xfa76
                           00FA77   705 _DMA_LCM_RXAH	=	0xfa77
                           00FA78   706 _DMA_LCM_RXAL	=	0xfa78
                           00FCF0   707 _MD3	=	0xfcf0
                           00FCF1   708 _MD2	=	0xfcf1
                           00FCF2   709 _MD1	=	0xfcf2
                           00FCF3   710 _MD0	=	0xfcf3
                           00FCF4   711 _MD5	=	0xfcf4
                           00FCF5   712 _MD4	=	0xfcf5
                           00FCF6   713 _ARCON	=	0xfcf6
                           00FCF7   714 _OPCON	=	0xfcf7
                           00FE08   715 _SPFUNC	=	0xfe08
                           00FE09   716 _RSTFLAG	=	0xfe09
                           00FEB0   717 _PWMA_ETRPS	=	0xfeb0
                           00FEB1   718 _PWMA_ENO	=	0xfeb1
                           00FEB2   719 _PWMA_PS	=	0xfeb2
                           00FEB3   720 _PWMA_IOAUX	=	0xfeb3
                           00FEB4   721 _PWMB_ETRPS	=	0xfeb4
                           00FEB5   722 _PWMB_ENO	=	0xfeb5
                           00FEB6   723 _PWMB_PS	=	0xfeb6
                           00FEB7   724 _PWMB_IOAUX	=	0xfeb7
                           00FEC0   725 _PWMA_CR1	=	0xfec0
                           00FEC1   726 _PWMA_CR2	=	0xfec1
                           00FEC2   727 _PWMA_SMCR	=	0xfec2
                           00FEC3   728 _PWMA_ETR	=	0xfec3
                           00FEC4   729 _PWMA_IER	=	0xfec4
                           00FEC5   730 _PWMA_SR1	=	0xfec5
                           00FEC6   731 _PWMA_SR2	=	0xfec6
                           00FEC7   732 _PWMA_EGR	=	0xfec7
                           00FEC8   733 _PWMA_CCMR1	=	0xfec8
                           00FEC9   734 _PWMA_CCMR2	=	0xfec9
                           00FECA   735 _PWMA_CCMR3	=	0xfeca
                           00FECB   736 _PWMA_CCMR4	=	0xfecb
                           00FECC   737 _PWMA_CCER1	=	0xfecc
                           00FECD   738 _PWMA_CCER2	=	0xfecd
                           00FECE   739 _PWMA_CNTRH	=	0xfece
                           00FECF   740 _PWMA_CNTRL	=	0xfecf
                           00FED0   741 _PWMA_PSCRH	=	0xfed0
                           00FED1   742 _PWMA_PSCRL	=	0xfed1
                           00FED2   743 _PWMA_ARRH	=	0xfed2
                           00FED3   744 _PWMA_ARRL	=	0xfed3
                           00FED4   745 _PWMA_RCR	=	0xfed4
                           00FED5   746 _PWMA_CCR1H	=	0xfed5
                           00FED6   747 _PWMA_CCR1L	=	0xfed6
                           00FED7   748 _PWMA_CCR2H	=	0xfed7
                           00FED8   749 _PWMA_CCR2L	=	0xfed8
                           00FED9   750 _PWMA_CCR3H	=	0xfed9
                           00FEDA   751 _PWMA_CCR3L	=	0xfeda
                           00FEDB   752 _PWMA_CCR4H	=	0xfedb
                           00FEDC   753 _PWMA_CCR4L	=	0xfedc
                           00FEDD   754 _PWMA_BKR	=	0xfedd
                           00FEDE   755 _PWMA_DTR	=	0xfede
                           00FEDF   756 _PWMA_OISR	=	0xfedf
                           00FEE0   757 _PWMB_CR1	=	0xfee0
                           00FEE1   758 _PWMB_CR2	=	0xfee1
                           00FEE2   759 _PWMB_SMCR	=	0xfee2
                           00FEE3   760 _PWMB_ETR	=	0xfee3
                           00FEE4   761 _PWMB_IER	=	0xfee4
                           00FEE5   762 _PWMB_SR1	=	0xfee5
                           00FEE6   763 _PWMB_SR2	=	0xfee6
                           00FEE7   764 _PWMB_EGR	=	0xfee7
                           00FEE8   765 _PWMB_CCMR1	=	0xfee8
                           00FEE9   766 _PWMB_CCMR2	=	0xfee9
                           00FEEA   767 _PWMB_CCMR3	=	0xfeea
                           00FEEB   768 _PWMB_CCMR4	=	0xfeeb
                           00FEEC   769 _PWMB_CCER1	=	0xfeec
                           00FEED   770 _PWMB_CCER2	=	0xfeed
                           00FEEE   771 _PWMB_CNTRH	=	0xfeee
                           00FEEF   772 _PWMB_CNTRL	=	0xfeef
                           00FEF0   773 _PWMB_PSCRH	=	0xfef0
                           00FEF1   774 _PWMB_PSCRL	=	0xfef1
                           00FEF2   775 _PWMB_ARRH	=	0xfef2
                           00FEF3   776 _PWMB_ARRL	=	0xfef3
                           00FEF4   777 _PWMB_RCR	=	0xfef4
                           00FEF5   778 _PWMB_CCR1H	=	0xfef5
                           00FEF6   779 _PWMB_CCR1L	=	0xfef6
                           00FEF7   780 _PWMB_CCR2H	=	0xfef7
                           00FEF8   781 _PWMB_CCR2L	=	0xfef8
                           00FEF9   782 _PWMB_CCR3H	=	0xfef9
                           00FEFA   783 _PWMB_CCR3L	=	0xfefa
                           00FEFB   784 _PWMB_CCR4H	=	0xfefb
                           00FEFC   785 _PWMB_CCR4L	=	0xfefc
                           00FEFD   786 _PWMB_BKR	=	0xfefd
                           00FEFE   787 _PWMB_DTR	=	0xfefe
                           00FEFF   788 _PWMB_OISR	=	0xfeff
                           00FE60   789 _RTCCR	=	0xfe60
                           00FE61   790 _RTCCFG	=	0xfe61
                           00FE62   791 _RTCIEN	=	0xfe62
                           00FE63   792 _RTCIF	=	0xfe63
                           00FE64   793 _ALAHOUR	=	0xfe64
                           00FE65   794 _ALAMIN	=	0xfe65
                           00FE66   795 _ALASEC	=	0xfe66
                           00FE67   796 _ALASSEC	=	0xfe67
                           00FE68   797 _INIYEAR	=	0xfe68
                           00FE69   798 _INIMONTH	=	0xfe69
                           00FE6A   799 _INIDAY	=	0xfe6a
                           00FE6B   800 _INIHOUR	=	0xfe6b
                           00FE6C   801 _INIMIN	=	0xfe6c
                           00FE6D   802 _INISEC	=	0xfe6d
                           00FE6E   803 _INISSEC	=	0xfe6e
                           00FE70   804 _YEAR	=	0xfe70
                           00FE71   805 _MONTH	=	0xfe71
                           00FE72   806 _DAY	=	0xfe72
                           00FE73   807 _HOUR	=	0xfe73
                           00FE74   808 _MIN	=	0xfe74
                           00FE75   809 _SEC	=	0xfe75
                           00FE76   810 _SSEC	=	0xfe76
                           00FA20   811 _DMA_SPI_CFG	=	0xfa20
                           00FA21   812 _DMA_SPI_CR	=	0xfa21
                           00FA22   813 _DMA_SPI_STA	=	0xfa22
                           00FA23   814 _DMA_SPI_AMT	=	0xfa23
                           00FA24   815 _DMA_SPI_DONE	=	0xfa24
                           00FA25   816 _DMA_SPI_TXAH	=	0xfa25
                           00FA26   817 _DMA_SPI_TXAL	=	0xfa26
                           00FA27   818 _DMA_SPI_RXAH	=	0xfa27
                           00FA28   819 _DMA_SPI_RXAL	=	0xfa28
                           00FA29   820 _DMA_SPI_CFG2	=	0xfa29
                           00FE01   821 _CLKDIV	=	0xfe01
                           00FE02   822 _HIRCCR	=	0xfe02
                           00FE03   823 _XOSCCR	=	0xfe03
                           00FE04   824 _IRC32KCR	=	0xfe04
                           00FE00   825 _CKSEL	=	0xfe00
                           00FE05   826 _MCLKOCR	=	0xfe05
                           00FE06   827 _IRCDB	=	0xfe06
                           00FE07   828 _IRC48MCR	=	0xfe07
                           00FEA2   829 _TM2PS	=	0xfea2
                           00FEA3   830 _TM3PS	=	0xfea3
                           00FEA4   831 _TM4PS	=	0xfea4
                           00FA30   832 _DMA_UR1T_CFG	=	0xfa30
                           00FA31   833 _DMA_UR1T_CR	=	0xfa31
                           00FA32   834 _DMA_UR1T_STA	=	0xfa32
                           00FA33   835 _DMA_URTX_AMT	=	0xfa33
                           00FA34   836 _DMA_UR1T_DONE	=	0xfa34
                           00FA35   837 _DMA_UR1T_TXAH	=	0xfa35
                           00FA36   838 _DMA_UR1T_TXAL	=	0xfa36
                           00FA38   839 _DMA_UR1R_CFG	=	0xfa38
                           00FA39   840 _DMA_UR1R_CR	=	0xfa39
                           00FA3A   841 _DMA_UR1R_STA	=	0xfa3a
                           00FA3B   842 _DMA_UR1R_AMT	=	0xfa3b
                           00FA3C   843 _DMA_UR1R_DONE	=	0xfa3c
                           00FA3D   844 _DMA_UR1R_TXAH	=	0xfa3d
                           00FA3E   845 _DMA_UR1R_TXAL	=	0xfa3e
                           00FA30   846 _DMA_UR2T_CFG	=	0xfa30
                           00FA31   847 _DMA_UR2T_CR	=	0xfa31
                           00FA32   848 _DMA_UR2T_STA	=	0xfa32
                           00FA33   849 _DMA_UR2T_AMT	=	0xfa33
                           00FA34   850 _DMA_UR2T_DONE	=	0xfa34
                           00FA35   851 _DMA_UR2T_TXAH	=	0xfa35
                           00FA36   852 _DMA_UR2T_TXAL	=	0xfa36
                           00FA38   853 _DMA_UR2R_CFG	=	0xfa38
                           00FA39   854 _DMA_UR2R_CR	=	0xfa39
                           00FA3A   855 _DMA_UR2R_STA	=	0xfa3a
                           00FA3B   856 _DMA_UR2R_AMT	=	0xfa3b
                           00FA3C   857 _DMA_UR2R_DONE	=	0xfa3c
                           00FA3D   858 _DMA_UR2R_TXAH	=	0xfa3d
                           00FA3E   859 _DMA_UR2R_TXAL	=	0xfa3e
                           00FA30   860 _DMA_UR3T_CFG	=	0xfa30
                           00FA31   861 _DMA_UR3T_CR	=	0xfa31
                           00FA32   862 _DMA_UR3T_STA	=	0xfa32
                           00FA33   863 _DMA_UR3T_AMT	=	0xfa33
                           00FA34   864 _DMA_UR3T_DONE	=	0xfa34
                           00FA35   865 _DMA_UR3T_TXAH	=	0xfa35
                           00FA36   866 _DMA_UR3T_TXAL	=	0xfa36
                           00FA38   867 _DMA_UR3R_CFG	=	0xfa38
                           00FA39   868 _DMA_UR3R_CR	=	0xfa39
                           00FA3A   869 _DMA_UR3R_STA	=	0xfa3a
                           00FA3B   870 _DMA_UR3R_AMT	=	0xfa3b
                           00FA3C   871 _DMA_UR3R_DONE	=	0xfa3c
                           00FA3D   872 _DMA_UR3R_TXAH	=	0xfa3d
                           00FA3E   873 _DMA_UR3R_TXAL	=	0xfa3e
                           00FA30   874 _DMA_UR4T_CFG	=	0xfa30
                           00FA31   875 _DMA_UR4T_CR	=	0xfa31
                           00FA32   876 _DMA_UR4T_STA	=	0xfa32
                           00FA33   877 _DMA_UR4T_AMT	=	0xfa33
                           00FA34   878 _DMA_UR4T_DONE	=	0xfa34
                           00FA35   879 _DMA_UR4T_TXAH	=	0xfa35
                           00FA36   880 _DMA_UR4T_TXAL	=	0xfa36
                           00FA38   881 _DMA_UR4R_CFG	=	0xfa38
                           00FA39   882 _DMA_UR4R_CR	=	0xfa39
                           00FA3A   883 _DMA_UR4R_STA	=	0xfa3a
                           00FA3B   884 _DMA_UR4R_AMT	=	0xfa3b
                           00FA3C   885 _DMA_UR4R_DONE	=	0xfa3c
                           00FA3D   886 _DMA_UR4R_TXAH	=	0xfa3d
                           00FA3E   887 _DMA_UR4R_TXAL	=	0xfa3e
      000000                        888 _uartGetCharacter_result_65536_32:
      000000                        889 	.ds 1
      000001                        890 ___serialConsoleUart:
      000001                        891 	.ds 1
      000002                        892 _serialConsoleInitialise_PARM_2:
      000002                        893 	.ds 4
      000006                        894 _serialConsoleInitialise_PARM_3:
      000006                        895 	.ds 1
      000007                        896 _serialConsoleInitialise_uart_65536_51:
      000007                        897 	.ds 1
      000008                        898 _putchar_c_65536_53:
      000008                        899 	.ds 2
      00000A                        900 _putchar_c_262144_57:
      00000A                        901 	.ds 1
      00000B                        902 _putchar_c_196608_60:
      00000B                        903 	.ds 1
      00000C                        904 _getchar_result_262144_65:
      00000C                        905 	.ds 1
                                    906 ;--------------------------------------------------------
                                    907 ; absolute external ram data
                                    908 ;--------------------------------------------------------
                                    909 	.area XABS    (ABS,XDATA)
                                    910 ;--------------------------------------------------------
                                    911 ; external initialized ram data
                                    912 ;--------------------------------------------------------
                                    913 	.area XISEG   (XDATA)
                                    914 	.area HOME    (CODE)
                                    915 	.area GSINIT0 (CODE)
                                    916 	.area GSINIT1 (CODE)
                                    917 	.area GSINIT2 (CODE)
                                    918 	.area GSINIT3 (CODE)
                                    919 	.area GSINIT4 (CODE)
                                    920 	.area GSINIT5 (CODE)
                                    921 	.area GSINIT  (CODE)
                                    922 	.area GSFINAL (CODE)
                                    923 	.area CSEG    (CODE)
                                    924 ;--------------------------------------------------------
                                    925 ; global & static initialisations
                                    926 ;--------------------------------------------------------
                                    927 	.area HOME    (CODE)
                                    928 	.area GSINIT  (CODE)
                                    929 	.area GSFINAL (CODE)
                                    930 	.area GSINIT  (CODE)
                                    931 ;--------------------------------------------------------
                                    932 ; Home
                                    933 ;--------------------------------------------------------
                                    934 	.area HOME    (CODE)
                                    935 	.area HOME    (CODE)
                                    936 ;--------------------------------------------------------
                                    937 ; code
                                    938 ;--------------------------------------------------------
                                    939 	.area CSEG    (CODE)
                                    940 ;------------------------------------------------------------
                                    941 ;Allocation info for local variables in function 'serialConsoleInitialise'
                                    942 ;------------------------------------------------------------
                                    943 ;baudRate                  Allocated with name '_serialConsoleInitialise_PARM_2'
                                    944 ;pinConfiguration          Allocated with name '_serialConsoleInitialise_PARM_3'
                                    945 ;uart                      Allocated with name '_serialConsoleInitialise_uart_65536_51'
                                    946 ;------------------------------------------------------------
                                    947 ;	/home/mr-atom/.stc/uni-stc/hal/serial-console.c:52: void serialConsoleInitialise(Uart uart, uint32_t baudRate, uint8_t pinConfiguration) {
                                    948 ;	-----------------------------------------
                                    949 ;	 function serialConsoleInitialise
                                    950 ;	-----------------------------------------
      000000                        951 _serialConsoleInitialise:
                           000007   952 	ar7 = 0x07
                           000006   953 	ar6 = 0x06
                           000005   954 	ar5 = 0x05
                           000004   955 	ar4 = 0x04
                           000003   956 	ar3 = 0x03
                           000002   957 	ar2 = 0x02
                           000001   958 	ar1 = 0x01
                           000000   959 	ar0 = 0x00
      000000 E5 82            [12]  960 	mov	a,dpl
      000002 90r00r07         [24]  961 	mov	dptr,#_serialConsoleInitialise_uart_65536_51
      000005 F0               [24]  962 	movx	@dptr,a
                                    963 ;	/home/mr-atom/.stc/uni-stc/hal/serial-console.c:53: __serialConsoleUart = uart;
      000006 E0               [24]  964 	movx	a,@dptr
      000007 FF               [12]  965 	mov	r7,a
      000008 90r00r01         [24]  966 	mov	dptr,#___serialConsoleUart
      00000B F0               [24]  967 	movx	@dptr,a
                                    968 ;	/home/mr-atom/.stc/uni-stc/hal/serial-console.c:54: uartInitialise(__serialConsoleUart, baudRate, CONSOLE_TIMER, UART_8N1, pinConfiguration);
      00000C 90r00r02         [24]  969 	mov	dptr,#_serialConsoleInitialise_PARM_2
      00000F E0               [24]  970 	movx	a,@dptr
      000010 FB               [12]  971 	mov	r3,a
      000011 A3               [24]  972 	inc	dptr
      000012 E0               [24]  973 	movx	a,@dptr
      000013 FC               [12]  974 	mov	r4,a
      000014 A3               [24]  975 	inc	dptr
      000015 E0               [24]  976 	movx	a,@dptr
      000016 FD               [12]  977 	mov	r5,a
      000017 A3               [24]  978 	inc	dptr
      000018 E0               [24]  979 	movx	a,@dptr
      000019 FE               [12]  980 	mov	r6,a
      00001A 90r00r06         [24]  981 	mov	dptr,#_serialConsoleInitialise_PARM_3
      00001D E0               [24]  982 	movx	a,@dptr
      00001E FA               [12]  983 	mov	r2,a
      00001F 90r00r00         [24]  984 	mov	dptr,#_uartInitialise_PARM_2
      000022 EB               [12]  985 	mov	a,r3
      000023 F0               [24]  986 	movx	@dptr,a
      000024 EC               [12]  987 	mov	a,r4
      000025 A3               [24]  988 	inc	dptr
      000026 F0               [24]  989 	movx	@dptr,a
      000027 ED               [12]  990 	mov	a,r5
      000028 A3               [24]  991 	inc	dptr
      000029 F0               [24]  992 	movx	@dptr,a
      00002A EE               [12]  993 	mov	a,r6
      00002B A3               [24]  994 	inc	dptr
      00002C F0               [24]  995 	movx	@dptr,a
      00002D 90r00r00         [24]  996 	mov	dptr,#_uartInitialise_PARM_3
      000030 74 01            [12]  997 	mov	a,#0x01
      000032 F0               [24]  998 	movx	@dptr,a
      000033 90r00r00         [24]  999 	mov	dptr,#_uartInitialise_PARM_4
      000036 E4               [12] 1000 	clr	a
      000037 F0               [24] 1001 	movx	@dptr,a
      000038 90r00r00         [24] 1002 	mov	dptr,#_uartInitialise_PARM_5
      00003B EA               [12] 1003 	mov	a,r2
      00003C F0               [24] 1004 	movx	@dptr,a
      00003D 8F 82            [24] 1005 	mov	dpl,r7
                                   1006 ;	/home/mr-atom/.stc/uni-stc/hal/serial-console.c:55: }
      00003F 02r00r00         [24] 1007 	ljmp	_uartInitialise
                                   1008 ;------------------------------------------------------------
                                   1009 ;Allocation info for local variables in function 'putchar'
                                   1010 ;------------------------------------------------------------
                                   1011 ;c                         Allocated with name '_putchar_c_65536_53'
                                   1012 ;__1310720012              Allocated with name '_putchar___1310720012_131072_54'
                                   1013 ;__1966080007              Allocated with name '_putchar___1966080007_196608_55'
                                   1014 ;__1966080008              Allocated with name '_putchar___1966080008_196608_56'
                                   1015 ;__1966080009              Allocated with name '_putchar___1966080009_196608_56'
                                   1016 ;__1966080010              Allocated with name '_putchar___1966080010_196608_56'
                                   1017 ;uart                      Allocated with name '_putchar_uart_262144_57'
                                   1018 ;c                         Allocated with name '_putchar_c_262144_57'
                                   1019 ;blocking                  Allocated with name '_putchar_blocking_262144_57'
                                   1020 ;__1310720013              Allocated with name '_putchar___1310720013_131072_59'
                                   1021 ;__1310720014              Allocated with name '_putchar___1310720014_131072_59'
                                   1022 ;__1310720015              Allocated with name '_putchar___1310720015_131072_59'
                                   1023 ;uart                      Allocated with name '_putchar_uart_196608_60'
                                   1024 ;c                         Allocated with name '_putchar_c_196608_60'
                                   1025 ;blocking                  Allocated with name '_putchar_blocking_196608_60'
                                   1026 ;------------------------------------------------------------
                                   1027 ;	/home/mr-atom/.stc/uni-stc/hal/serial-console.c:57: int putchar(int c) {
                                   1028 ;	-----------------------------------------
                                   1029 ;	 function putchar
                                   1030 ;	-----------------------------------------
      000042                       1031 _putchar:
      000042 AF 83            [24] 1032 	mov	r7,dph
      000044 E5 82            [12] 1033 	mov	a,dpl
      000046 90r00r08         [24] 1034 	mov	dptr,#_putchar_c_65536_53
      000049 F0               [24] 1035 	movx	@dptr,a
      00004A EF               [12] 1036 	mov	a,r7
      00004B A3               [24] 1037 	inc	dptr
      00004C F0               [24] 1038 	movx	@dptr,a
                                   1039 ;	/home/mr-atom/.stc/uni-stc/hal/serial-console.c:58: if (c == '\n') {
      00004D 90r00r08         [24] 1040 	mov	dptr,#_putchar_c_65536_53
      000050 E0               [24] 1041 	movx	a,@dptr
      000051 FE               [12] 1042 	mov	r6,a
      000052 A3               [24] 1043 	inc	dptr
      000053 E0               [24] 1044 	movx	a,@dptr
      000054 FF               [12] 1045 	mov	r7,a
      000055 BE 0A 29         [24] 1046 	cjne	r6,#0x0a,00102$
      000058 BF 00 26         [24] 1047 	cjne	r7,#0x00,00102$
                                   1048 ;	/home/mr-atom/.stc/uni-stc/hal/serial-console.c:61: uartSendCharacter(__serialConsoleUart, '\r', BLOCKING);
      00005B 90r00r01         [24] 1049 	mov	dptr,#___serialConsoleUart
      00005E E0               [24] 1050 	movx	a,@dptr
      00005F FF               [12] 1051 	mov	r7,a
      000060 90r00r0A         [24] 1052 	mov	dptr,#_putchar_c_262144_57
      000063 74 0D            [12] 1053 	mov	a,#0x0d
      000065 F0               [24] 1054 	movx	@dptr,a
                                   1055 ;	/home/mr-atom/.stc/uni-stc/hal/uart-hal.h:193: return uartSendBlock(uart, &c, 1, blocking);
      000066 90r00r00         [24] 1056 	mov	dptr,#_uartSendBlock_PARM_2
      000069 74r0A            [12] 1057 	mov	a,#_putchar_c_262144_57
      00006B F0               [24] 1058 	movx	@dptr,a
      00006C 74s00            [12] 1059 	mov	a,#(_putchar_c_262144_57 >> 8)
      00006E A3               [24] 1060 	inc	dptr
      00006F F0               [24] 1061 	movx	@dptr,a
      000070 E4               [12] 1062 	clr	a
      000071 A3               [24] 1063 	inc	dptr
      000072 F0               [24] 1064 	movx	@dptr,a
      000073 90r00r00         [24] 1065 	mov	dptr,#_uartSendBlock_PARM_3
      000076 04               [12] 1066 	inc	a
      000077 F0               [24] 1067 	movx	@dptr,a
      000078 90r00r00         [24] 1068 	mov	dptr,#_uartSendBlock_PARM_4
      00007B F0               [24] 1069 	movx	@dptr,a
      00007C 8F 82            [24] 1070 	mov	dpl,r7
      00007E 12r00r00         [24] 1071 	lcall	_uartSendBlock
                                   1072 ;	/home/mr-atom/.stc/uni-stc/hal/serial-console.c:61: uartSendCharacter(__serialConsoleUart, '\r', BLOCKING);
      000081                       1073 00102$:
                                   1074 ;	/home/mr-atom/.stc/uni-stc/hal/serial-console.c:64: uartSendCharacter(__serialConsoleUart, c, BLOCKING);
      000081 90r00r08         [24] 1075 	mov	dptr,#_putchar_c_65536_53
      000084 E0               [24] 1076 	movx	a,@dptr
      000085 FE               [12] 1077 	mov	r6,a
      000086 A3               [24] 1078 	inc	dptr
      000087 E0               [24] 1079 	movx	a,@dptr
      000088 FF               [12] 1080 	mov	r7,a
      000089 8E 05            [24] 1081 	mov	ar5,r6
      00008B 90r00r01         [24] 1082 	mov	dptr,#___serialConsoleUart
      00008E E0               [24] 1083 	movx	a,@dptr
      00008F FC               [12] 1084 	mov	r4,a
      000090 90r00r0B         [24] 1085 	mov	dptr,#_putchar_c_196608_60
      000093 ED               [12] 1086 	mov	a,r5
      000094 F0               [24] 1087 	movx	@dptr,a
                                   1088 ;	/home/mr-atom/.stc/uni-stc/hal/uart-hal.h:193: return uartSendBlock(uart, &c, 1, blocking);
      000095 90r00r00         [24] 1089 	mov	dptr,#_uartSendBlock_PARM_2
      000098 74r0B            [12] 1090 	mov	a,#_putchar_c_196608_60
      00009A F0               [24] 1091 	movx	@dptr,a
      00009B 74s00            [12] 1092 	mov	a,#(_putchar_c_196608_60 >> 8)
      00009D A3               [24] 1093 	inc	dptr
      00009E F0               [24] 1094 	movx	@dptr,a
      00009F E4               [12] 1095 	clr	a
      0000A0 A3               [24] 1096 	inc	dptr
      0000A1 F0               [24] 1097 	movx	@dptr,a
      0000A2 90r00r00         [24] 1098 	mov	dptr,#_uartSendBlock_PARM_3
      0000A5 04               [12] 1099 	inc	a
      0000A6 F0               [24] 1100 	movx	@dptr,a
      0000A7 90r00r00         [24] 1101 	mov	dptr,#_uartSendBlock_PARM_4
      0000AA F0               [24] 1102 	movx	@dptr,a
      0000AB 8C 82            [24] 1103 	mov	dpl,r4
      0000AD C0 07            [24] 1104 	push	ar7
      0000AF C0 06            [24] 1105 	push	ar6
      0000B1 12r00r00         [24] 1106 	lcall	_uartSendBlock
      0000B4 D0 06            [24] 1107 	pop	ar6
      0000B6 D0 07            [24] 1108 	pop	ar7
                                   1109 ;	/home/mr-atom/.stc/uni-stc/hal/serial-console.c:66: return c;
      0000B8 8E 82            [24] 1110 	mov	dpl,r6
      0000BA 8F 83            [24] 1111 	mov	dph,r7
                                   1112 ;	/home/mr-atom/.stc/uni-stc/hal/serial-console.c:67: }
      0000BC 22               [24] 1113 	ret
                                   1114 ;------------------------------------------------------------
                                   1115 ;Allocation info for local variables in function 'getchar'
                                   1116 ;------------------------------------------------------------
                                   1117 ;__1310720017              Allocated with name '_getchar___1310720017_131072_62'
                                   1118 ;__1310720018              Allocated with name '_getchar___1310720018_131072_63'
                                   1119 ;__1310720019              Allocated with name '_getchar___1310720019_131072_63'
                                   1120 ;uart                      Allocated with name '_getchar_uart_196608_64'
                                   1121 ;blocking                  Allocated with name '_getchar_blocking_196608_64'
                                   1122 ;result                    Allocated with name '_getchar_result_262144_65'
                                   1123 ;------------------------------------------------------------
                                   1124 ;	/home/mr-atom/.stc/uni-stc/hal/serial-console.c:69: int getchar() {
                                   1125 ;	-----------------------------------------
                                   1126 ;	 function getchar
                                   1127 ;	-----------------------------------------
      0000BD                       1128 _getchar:
                                   1129 ;	/home/mr-atom/.stc/uni-stc/hal/serial-console.c:70: return uartGetCharacter(__serialConsoleUart, BLOCKING);
      0000BD 90r00r01         [24] 1130 	mov	dptr,#___serialConsoleUart
      0000C0 E0               [24] 1131 	movx	a,@dptr
      0000C1 FF               [12] 1132 	mov	r7,a
                                   1133 ;	/home/mr-atom/.stc/uni-stc/hal/uart-hal.h:186: uint8_t result = 0;
      0000C2 90r00r0C         [24] 1134 	mov	dptr,#_getchar_result_262144_65
      0000C5 E4               [12] 1135 	clr	a
      0000C6 F0               [24] 1136 	movx	@dptr,a
                                   1137 ;	/home/mr-atom/.stc/uni-stc/hal/uart-hal.h:187: uartGetBlock(uart, &result, 1, blocking);
      0000C7 90r00r00         [24] 1138 	mov	dptr,#_uartGetBlock_PARM_2
      0000CA 74r0C            [12] 1139 	mov	a,#_getchar_result_262144_65
      0000CC F0               [24] 1140 	movx	@dptr,a
      0000CD 74s00            [12] 1141 	mov	a,#(_getchar_result_262144_65 >> 8)
      0000CF A3               [24] 1142 	inc	dptr
      0000D0 F0               [24] 1143 	movx	@dptr,a
      0000D1 E4               [12] 1144 	clr	a
      0000D2 A3               [24] 1145 	inc	dptr
      0000D3 F0               [24] 1146 	movx	@dptr,a
      0000D4 90r00r00         [24] 1147 	mov	dptr,#_uartGetBlock_PARM_3
      0000D7 04               [12] 1148 	inc	a
      0000D8 F0               [24] 1149 	movx	@dptr,a
      0000D9 90r00r00         [24] 1150 	mov	dptr,#_uartGetBlock_PARM_4
      0000DC F0               [24] 1151 	movx	@dptr,a
      0000DD 8F 82            [24] 1152 	mov	dpl,r7
      0000DF 12r00r00         [24] 1153 	lcall	_uartGetBlock
                                   1154 ;	/home/mr-atom/.stc/uni-stc/hal/uart-hal.h:189: return result;
      0000E2 90r00r0C         [24] 1155 	mov	dptr,#_getchar_result_262144_65
      0000E5 E0               [24] 1156 	movx	a,@dptr
      0000E6 FF               [12] 1157 	mov	r7,a
                                   1158 ;	/home/mr-atom/.stc/uni-stc/hal/serial-console.c:70: return uartGetCharacter(__serialConsoleUart, BLOCKING);
      0000E7 7E 00            [12] 1159 	mov	r6,#0x00
      0000E9 8F 82            [24] 1160 	mov	dpl,r7
      0000EB 8E 83            [24] 1161 	mov	dph,r6
                                   1162 ;	/home/mr-atom/.stc/uni-stc/hal/serial-console.c:71: }
      0000ED 22               [24] 1163 	ret
                                   1164 	.area CSEG    (CODE)
                                   1165 	.area CONST   (CODE)
                                   1166 	.area XINIT   (CODE)
                                   1167 	.area CABS    (ABS,CODE)
